Arguments: 
  C:\Program Files\nodejs\node.exe C:\Program Files (x86)\Yarn\bin\yarn.js add nodemon -D

PATH: 
  C:\Program Files\Git\mingw64\bin;C:\Program Files\Git\usr\bin;C:\Users\haida\bin;C:\Windows\system32;C:\Windows;C:\Windows\System32\Wbem;C:\Windows\System32\WindowsPowerShell\v1.0;C:\Windows\System32\OpenSSH;C:\Program Files\Git\cmd;C:\Program Files (x86)\NVIDIA Corporation\PhysX\Common;C:\Program Files\NVIDIA Corporation\NVIDIA NvDLISR;%NVM_HOME%;%NVM_SYMLINK%;C:\Program Files (x86)\Yarn\bin;C:\Users\haida\AppData\Local\Microsoft\WindowsApps;C:\Users\haida\AppData\Local\Programs\Microsoft VS Code\bin;C:\Users\haida\AppData\Local\GitHubDesktop\bin;C:\Users\haida\AppData\Roaming\npm;C:\Users\haida\AppData\Roaming\nvm;C:\Program Files\nodejs;C:\Users\haida\AppData\Local\Yarn\bin

Yarn version: 
  1.22.5

Node version: 
  14.15.3

Platform: 
  win32 x64

Trace: 
  SyntaxError: D:\Github\Angular\Typescript\package.json: Unexpected token s in JSON at position 4
      at JSON.parse (<anonymous>)
      at C:\Program Files (x86)\Yarn\lib\cli.js:1625:59
      at Generator.next (<anonymous>)
      at step (C:\Program Files (x86)\Yarn\lib\cli.js:310:30)
      at C:\Program Files (x86)\Yarn\lib\cli.js:321:13

npm manifest: 
  {
    scripts: {
      "tsc" : "rm -rf build/ && tsc",
      "ts" : "rm -rf build/ && tsc",
      "dev" : "nodemon ./build/index.js"
    },
    "devDependencies": {
      "typescript": "^4.1.3"
    }
  }

yarn manifest: 
  No manifest

Lockfile: 
  # THIS IS AN AUTOGENERATED FILE. DO NOT EDIT THIS FILE DIRECTLY.
  # yarn lockfile v1
  
  
  typescript@^4.1.3:
    version "4.1.3"
    resolved "https://registry.yarnpkg.com/typescript/-/typescript-4.1.3.tgz#519d582bd94cba0cf8934c7d8e8467e473f53bb7"
    integrity sha512-B3ZIOf1IKeH2ixgHhj6la6xdwR9QrLC5d1VKeCSY4tvkqhF2eqd9O7txNlS0PO3GrBAFIdr3L1ndNwteUbZLYg==
